[INFO] Scanning for projects...
[WARNING] 
[WARNING] Some problems were encountered while building the effective model for com.bootcamp:MediaRestServices:war:1.0-SNAPSHOT
[WARNING] 'build.plugins.plugin.version' for org.apache.maven.plugins:maven-compiler-plugin is missing. @ line 225, column 21
[WARNING] 
[WARNING] It is highly recommended to fix these problems because they threaten the stability of your build.
[WARNING] 
[WARNING] For this reason, future Maven versions might no longer support building such malformed projects.
[WARNING] 
[INFO]                                                                         
[INFO] ------------------------------------------------------------------------
[INFO] Building MediaRestServices 1.0-SNAPSHOT
[INFO] ------------------------------------------------------------------------
[INFO] 
[INFO] >>> spring-boot-maven-plugin:1.5.3.RELEASE:run (default-cli) > test-compile @ MediaRestServices >>>
[INFO] 
[INFO] --- maven-resources-plugin:2.6:resources (default-resources) @ MediaRestServices ---
[INFO] Using 'UTF-8' encoding to copy filtered resources.
[INFO] Copying 12 resources
[INFO] Copying 6 resources
[INFO] 
[INFO] --- maven-compiler-plugin:3.2:compile (default-compile) @ MediaRestServices ---
[INFO] Changes detected - recompiling the module!
[INFO] Compiling 11 source files to /home/soul/bootcamp/Bello/media.service.fonctionnel/target/classes
[INFO] 
[INFO] --- maven-resources-plugin:2.6:testResources (default-testResources) @ MediaRestServices ---
[INFO] Using 'UTF-8' encoding to copy filtered resources.
[INFO] skip non existing resourceDirectory /home/soul/bootcamp/Bello/media.service.fonctionnel/src/test/resources
[INFO] 
[INFO] --- maven-compiler-plugin:3.2:testCompile (default-testCompile) @ MediaRestServices ---
[INFO] Changes detected - recompiling the module!
[INFO] Compiling 1 source file to /home/soul/bootcamp/Bello/media.service.fonctionnel/target/test-classes
[INFO] 
[INFO] <<< spring-boot-maven-plugin:1.5.3.RELEASE:run (default-cli) < test-compile @ MediaRestServices <<<
[INFO] 
[INFO] --- spring-boot-maven-plugin:1.5.3.RELEASE:run (default-cli) @ MediaRestServices ---
[Fatal Error] log4j2.xml:1:1: Contenu non autorisé dans le prologue.
ERROR StatusLogger Error parsing /home/soul/bootcamp/Bello/media.service.fonctionnel/target/classes/log4j2.xml
 org.xml.sax.SAXParseException; systemId: file:///home/soul/bootcamp/Bello/media.service.fonctionnel/target/classes/log4j2.xml; lineNumber: 1; columnNumber: 1; Contenu non autorisé dans le prologue.
	at com.sun.org.apache.xerces.internal.parsers.DOMParser.parse(DOMParser.java:257)
	at com.sun.org.apache.xerces.internal.jaxp.DocumentBuilderImpl.parse(DocumentBuilderImpl.java:339)
	at org.apache.logging.log4j.core.config.xml.XmlConfiguration.<init>(XmlConfiguration.java:95)
	at org.apache.logging.log4j.core.config.xml.XmlConfigurationFactory.getConfiguration(XmlConfigurationFactory.java:44)
	at org.apache.logging.log4j.core.config.ConfigurationFactory$Factory.getConfiguration(ConfigurationFactory.java:509)
	at org.apache.logging.log4j.core.config.ConfigurationFactory$Factory.getConfiguration(ConfigurationFactory.java:449)
	at org.apache.logging.log4j.core.config.ConfigurationFactory.getConfiguration(ConfigurationFactory.java:257)
	at org.apache.logging.log4j.core.LoggerContext.reconfigure(LoggerContext.java:565)
	at org.apache.logging.log4j.core.LoggerContext.reconfigure(LoggerContext.java:582)
	at org.apache.logging.log4j.core.LoggerContext.start(LoggerContext.java:217)
	at org.apache.logging.log4j.core.impl.Log4jContextFactory.getContext(Log4jContextFactory.java:152)
	at org.apache.logging.log4j.core.impl.Log4jContextFactory.getContext(Log4jContextFactory.java:45)
	at org.apache.logging.log4j.LogManager.getContext(LogManager.java:194)
	at org.apache.logging.log4j.LogManager.getLogger(LogManager.java:551)
	at com.bootcamp.application.Application.<clinit>(Application.java:40)
	at sun.reflect.NativeMethodAccessorImpl.invoke0(Native Method)
	at sun.reflect.NativeMethodAccessorImpl.invoke(NativeMethodAccessorImpl.java:62)
	at sun.reflect.DelegatingMethodAccessorImpl.invoke(DelegatingMethodAccessorImpl.java:43)
	at java.lang.reflect.Method.invoke(Method.java:498)
	at org.springframework.boot.maven.AbstractRunMojo$LaunchRunner.run(AbstractRunMojo.java:527)
	at java.lang.Thread.run(Thread.java:748)
ERROR StatusLogger No logging configuration
SLF4J: Class path contains multiple SLF4J bindings.
SLF4J: Found binding in [jar:file:/home/soul/.m2/repository/org/slf4j/slf4j-log4j12/1.7.12/slf4j-log4j12-1.7.12.jar!/org/slf4j/impl/StaticLoggerBinder.class]
SLF4J: Found binding in [jar:file:/home/soul/.m2/repository/org/apache/logging/log4j/log4j-slf4j-impl/2.7/log4j-slf4j-impl-2.7.jar!/org/slf4j/impl/StaticLoggerBinder.class]
SLF4J: See http://www.slf4j.org/codes.html#multiple_bindings for an explanation.
SLF4J: Actual binding is of type [org.slf4j.impl.Log4jLoggerFactory]
log4j:WARN No appenders could be found for logger (org.springframework.web.context.support.StandardServletEnvironment).
log4j:WARN Please initialize the log4j system properly.
log4j:WARN See http://logging.apache.org/log4j/1.2/faq.html#noconfig for more info.
[Fatal Error] log4j2.xml:1:1: Contenu non autorisé dans le prologue.

  .   ____          _            __ _ _
 /\\ / ___'_ __ _ _(_)_ __  __ _ \ \ \ \
( ( )\___ | '_ | '_| | '_ \/ _` | \ \ \ \
 \\/  ___)| |_)| | | | | || (_| |  ) ) ) )
  '  |____| .__|_| |_|_| |_\__, | / / / /
 =========|_|==============|___/=/_/_/_/
 :: Spring Boot ::        (v1.5.8.RELEASE)

[EL Info]: 2017-12-12 21:32:26.157--ServerSession(172365030)--EclipseLink, version: Eclipse Persistence Services - 2.5.2.v20140319-9ad6abd
[EL Info]: connection: 2017-12-12 21:32:27.613--ServerSession(172365030)--file:/home/soul/.m2/repository/com/bootcamp/db-access/1.0-SNAPSHOT/db-access-1.0-SNAPSHOT.jar_databasePU login successful
